<?xml version="1.0" encoding="UTF-8"?>
<!-- Generated by org.testng.reporters.JUnitXMLReporter -->
<testsuite ignored="0" hostname="DESKTOP-9NL11TP" failures="0" tests="6" name="Default test" time="7.353" errors="0" timestamp="2021-10-17T08:57:25 AEDT">
  <testcase classname="pages.Contact" name="formTesting" time="0.003"/>
  <testcase classname="pages.Contact" name="formTesting" time="0.904"/>
  <testcase classname="pages.Contact" name="formTesting" time="0.847"/>
  <testcase classname="pages.Contact" name="formTesting" time="0.884"/>
  <testcase classname="pages.Contact" name="presenceOfNavbar" time="0.053"/>
  <testcase classname="pages.Contact" name="validateTitle" time="0.006"/>
</testsuite> <!-- Default test -->
